<?xml version="1.0" encoding="UTF-8"?>
<!-- Generated by org.testng.reporters.JUnitReportReporter -->
<testsuite hostname="STFMXC1617" failures="0" tests="1" name="com.projectName.testCases.BingSearchTests" time="5.001" errors="0" timestamp="2022-05-04T15:12:23 CDT" skipped="0">
  <testcase classname="com.projectName.testCases.BingSearchTests" name="validateSearchOnBing" time="5.001"/>
  <system-out/>
</testsuite> <!-- com.projectName.testCases.BingSearchTests -->
