<?xml version="1.0" encoding="UTF-8"?>
<!-- Generated by org.testng.reporters.JUnitReportReporter -->
<testsuite hostname="STFMXC1617" failures="0" tests="1" name="com.projectName.testCases.GoogleSearchTests" time="6.582" errors="0" timestamp="2022-04-27T17:47:32 CDT" skipped="0">
  <testcase classname="com.projectName.testCases.GoogleSearchTests" name="validateSearchOnGoogle" time="6.582"/>
  <system-out/>
</testsuite> <!-- com.projectName.testCases.GoogleSearchTests -->
