<?xml version="1.0" encoding="UTF-8"?>
<!-- Generated by org.testng.reporters.JUnitReportReporter -->
<testsuite hostname="STFMXC1617" failures="0" tests="1" name="com.projectName.testCases.YahooSearchTests" time="9.531" errors="0" timestamp="2022-04-22T12:28:30 CDT" skipped="0">
  <testcase classname="com.projectName.testCases.YahooSearchTests" name="search" time="9.531"/>
  <system-out/>
</testsuite> <!-- com.projectName.testCases.YahooSearchTests -->
