<?xml version="1.0" encoding="UTF-8"?>
<!-- Generated by org.testng.reporters.JUnitReportReporter -->
<testsuite hostname="STFMXC1617" failures="0" tests="1" name="com.projectName.testCases.Test001" time="3.502" errors="0" timestamp="2022-04-21T13:19:04 CDT" skipped="0">
  <testcase classname="com.projectName.testCases.Test001" name="search" time="3.502"/>
  <system-out/>
</testsuite> <!-- com.projectName.testCases.Test001 -->
